<?xml version="1.0" encoding="UTF-8"?>
<!-- Generated by org.testng.reporters.JUnitReportReporter -->
<testsuite hostname="Srinivas" name="testCases.LoginTest" tests="2" failures="0" timestamp="5 Nov 2021 18:15:31 GMT" time="14.720" errors="0">
  <testcase name="loginTest" time="7.279" classname="testCases.LoginTest"/>
  <testcase name="loginTest" time="7.441" classname="testCases.LoginTest"/>
</testsuite> <!-- testCases.LoginTest -->
