<?xml version="1.0" encoding="UTF-8"?>
<!-- Generated by org.testng.reporters.JUnitReportReporter -->
<testsuite hostname="Srinivas" name="testCases.LoginTest" tests="2" failures="0" timestamp="29 Oct 2021 17:00:38 GMT" time="15.371" errors="0">
  <testcase name="loginTest" time="7.578" classname="testCases.LoginTest"/>
  <testcase name="loginTest" time="7.793" classname="testCases.LoginTest"/>
</testsuite> <!-- testCases.LoginTest -->
